<?xml version="1.0" encoding="UTF-8"?>
<!-- Generated by org.testng.reporters.JUnitReportReporter -->
<testsuite hostname="MADEM" failures="0" tests="4" name="com.automationproject.testngsessions.LoginFunctionTestNG" time="0.013" errors="0" timestamp="2022-10-23T19:28:59 IST" skipped="0">
  <testcase classname="com.automationproject.testngsessions.LoginFunctionTestNG" name="inboxMailCheck" time="0.007"/>
  <system-out/>
  <testcase classname="com.automationproject.testngsessions.LoginFunctionTestNG" name="deleteUnwantedMails" time="0.002"/>
  <system-out/>
  <testcase classname="com.automationproject.testngsessions.LoginFunctionTestNG" name="checkSpamMails" time="0.001"/>
  <system-out/>
  <testcase classname="com.automationproject.testngsessions.LoginFunctionTestNG" name="deleteSpamMails" time="0.003"/>
  <system-out/>
</testsuite> <!-- com.automationproject.testngsessions.LoginFunctionTestNG -->
